<?xml version="1.0" encoding="UTF-8"?>
<!-- Generated by org.testng.reporters.JUnitXMLReporter -->
<testsuite hostname="Hunza-PC" ignored="0" name="testGuru" tests="3" failures="1" timestamp="19 Feb 2019 07:23:59 GMT" time="67.61" errors="0">
  <testcase name="@AfterClass tearDown" time="0.0" classname="com.Factory.TestFactory">
    <failure type="java.lang.NullPointerException">
      <![CDATA[java.lang.NullPointerException
at com.Factory.TestFactory.tearDown(TestFactory.java:35)
at java.util.concurrent.ThreadPoolExecutor.runWorker(Unknown Source)
at java.util.concurrent.ThreadPoolExecutor$Worker.run(Unknown Source)
at java.lang.Thread.run(Unknown Source)
... Removed 11 stack frames]]>
    </failure>
  </testcase> <!-- @AfterClass tearDown -->
  <testcase name="@AfterClass tearDown" time="0.0" classname="com.Factory.TestFactory">
    <skipped/>
  </testcase> <!-- @AfterClass tearDown -->
  <testcase name="@AfterClass tearDown" time="0.0" classname="com.Factory.TestFactory">
    <skipped/>
  </testcase> <!-- @AfterClass tearDown -->
  <testcase name="TestMethodOne" time="1.755" classname="com.unitTestCases.TC_LaunchGoogleSearch3">
    <failure type="java.lang.NullPointerException">
      <![CDATA[java.lang.NullPointerException
at org.openqa.selenium.support.pagefactory.DefaultElementLocator.findElement(DefaultElementLocator.java:69)
at org.openqa.selenium.support.pagefactory.internal.LocatingElementHandler.invoke(LocatingElementHandler.java:38)
at com.sun.proxy.$Proxy10.isDisplayed(Unknown Source)
at com.pageObjects.GooglePage.EnterGoogleSearchText(GooglePage.java:35)
at com.unitTestCases.TC_LaunchGoogleSearch3.TestMethodOne(TC_LaunchGoogleSearch3.java:14)
at java.util.concurrent.ThreadPoolExecutor.runWorker(Unknown Source)
at java.util.concurrent.ThreadPoolExecutor$Worker.run(Unknown Source)
at java.lang.Thread.run(Unknown Source)
... Removed 10 stack frames]]>
    </failure>
  </testcase> <!-- TestMethodOne -->
  <testcase name="TestMethodOne" time="0.0" classname="com.unitTestCases.TC_LaunchGoogleSearch1">
    <skipped/>
  </testcase> <!-- TestMethodOne -->
  <testcase name="TestMethodOne" time="0.0" classname="com.unitTestCases.TC_LaunchGoogleSearch2">
    <skipped/>
  </testcase> <!-- TestMethodOne -->
</testsuite> <!-- testGuru -->
