<?xml version="1.0" encoding="UTF-8"?>
<!-- Generated by org.testng.reporters.JUnitXMLReporter -->
<testsuite hostname="Hunza-PC" ignored="4" name="UnitTesting" tests="3" failures="1" timestamp="02 Nov 2019 20:42:37 GMT" time="28.491" errors="0">
  <testcase name="TestMethodOne" time="0.949" classname="com.unitTestCases.TC_LaunchGoogleSearch1"/>
  <testcase name="TestMethodTwo" time="0.063" classname="com.unitTestCases.TC_LaunchGoogleSearch2">
    <failure type="java.lang.Exception" message="Page Title expected value: Googl is not matching with actual value: Google">
      <![CDATA[java.lang.Exception: Page Title expected value: Googl is not matching with actual value: Google
at com.pageObjects.GooglePage.AT(GooglePage.java:44)
at com.unitTestCases.TC_LaunchGoogleSearch2.TestMethodTwo(TC_LaunchGoogleSearch2.java:18)
at java.util.concurrent.ThreadPoolExecutor.runWorker(ThreadPoolExecutor.java:1142)
at java.util.concurrent.ThreadPoolExecutor$Worker.run(ThreadPoolExecutor.java:617)
at java.lang.Thread.run(Thread.java:745)
... Removed 10 stack frames]]>
    </failure>
  </testcase> <!-- TestMethodTwo -->
  <testcase name="TestMethodThree" time="0.469" classname="com.unitTestCases.TC_LaunchGoogleSearch3"/>
  <testcase name="@BeforeSuite beforeTestSuite" time="0.0" classname="com.Factory.TestFactory">
    <ignored/>
  </testcase> <!-- @BeforeSuite beforeTestSuite -->
  <testcase name="@BeforeSuite beforeTestSuite" time="0.0" classname="com.Factory.TestFactory">
    <ignored/>
  </testcase> <!-- @BeforeSuite beforeTestSuite -->
  <testcase name="@AfterSuite AfterTestSuite" time="0.0" classname="com.Factory.TestFactory">
    <ignored/>
  </testcase> <!-- @AfterSuite AfterTestSuite -->
  <testcase name="@AfterSuite AfterTestSuite" time="0.0" classname="com.Factory.TestFactory">
    <ignored/>
  </testcase> <!-- @AfterSuite AfterTestSuite -->
</testsuite> <!-- UnitTesting -->
